2026-04-09 11:38:33 INFO  tests.TC01_RegisterUser - ========== START TEST ==========
2026-04-09 11:38:40 INFO  pages.HomePage - Home page logo is visible
2026-04-09 11:38:45 INFO  base.ActionHelper - Clicked: Signup / Login
2026-04-09 11:38:46 INFO  pages.LoginPage - New User Signup! is visible
2026-04-09 11:38:47 INFO  base.ActionHelper - Typed 'mini123' into Name
2026-04-09 11:38:48 INFO  base.ActionHelper - Typed 'mini123@gmail.com' into Email Address
2026-04-09 11:38:51 INFO  base.ActionHelper - Clicked: Signup
2026-04-09 11:38:52 INFO  pages.RegisterPage - Fill in Account Information
2026-04-09 11:38:52 INFO  base.ActionHelper - Clicked: title
2026-04-09 11:38:53 INFO  base.ActionHelper - Typed 'mini123' into password
2026-04-09 11:38:55 INFO  base.ActionHelper - Clicked: newsletter
2026-04-09 11:38:55 INFO  base.ActionHelper - Clicked: optin
2026-04-09 11:38:56 INFO  base.ActionHelper - Typed 'mini123' into first_name
2026-04-09 11:38:58 INFO  base.ActionHelper - Typed 'Cards' into last_name
2026-04-09 11:38:59 INFO  base.ActionHelper - Typed 'QA Corp' into company
2026-04-09 11:38:59 INFO  base.ActionHelper - Typed 'Abu Dhabi' into address1
2026-04-09 11:39:00 INFO  base.ActionHelper - Typed 'UAE' into state
2026-04-09 11:39:01 INFO  base.ActionHelper - Typed 'Abu Dhabi' into city
2026-04-09 11:39:03 INFO  base.ActionHelper - Typed '00000' into zipcode
2026-04-09 11:39:04 INFO  base.ActionHelper - Typed '1234567890' into mobile_number
2026-04-09 11:39:07 INFO  base.ActionHelper - Clicked: Create Account
2026-04-09 11:39:07 INFO  pages.RegisterPage - Account Created Header is visible
2026-04-09 11:39:08 INFO  base.ActionHelper - Clicked: Continue
2026-04-09 11:39:13 INFO  pages.AccountPage - Logged in as is visible
2026-04-09 11:39:13 INFO  tests.TC01_RegisterUser - ========== END TEST ==========
2026-04-09 11:39:13 INFO  tests.TC03_DeleteAccount - ========== START TEST ==========
2026-04-09 11:39:21 INFO  pages.HomePage - Home page logo is visible
2026-04-09 11:39:26 INFO  base.ActionHelper - Clicked: Signup / Login
2026-04-09 11:39:26 INFO  pages.LoginPage - Login to your account is visible
2026-04-09 11:39:27 INFO  base.ActionHelper - Typed 'mini123@gmail.com' into Email Address
2026-04-09 11:39:27 INFO  base.ActionHelper - Typed 'mini123' into Password
2026-04-09 11:39:33 INFO  base.ActionHelper - Clicked: Login
2026-04-09 11:39:33 INFO  pages.AccountPage - Logged in as is visible
2026-04-09 11:39:34 INFO  base.ActionHelper - Clicked: Delete Account
2026-04-09 11:39:38 INFO  pages.DeleteAccountPage - Account Deleted! is visible
2026-04-09 11:39:42 INFO  base.ActionHelper - Clicked: Continue
2026-04-09 11:39:43 INFO  tests.TC03_DeleteAccount - ========== END TEST ==========
